build/app/intermediates/manifest_merge_blame_file/debug/manifest-merger-blame-debug-report.txt
1<?xml version="1.0" encoding="utf-8"?>
2<manifest xmlns:android="http://schemas.android.com/apk/res/android"
3    package="com.example.qrcode"
4    android:versionCode="1"
5    android:versionName="1.0.0" >
6
7    <uses-sdk
8        android:minSdkVersion="24"
9        android:targetSdkVersion="28" />
10    <!--
11         Flutter needs it to communicate with the running application
12         to allow setting breakpoints, to provide hot reload, etc.
13    -->
14    <uses-permission android:name="android.permission.INTERNET" />
14-->src\debug\AndroidManifest.xml:6:5-66
14-->src\debug\AndroidManifest.xml:6:22-64
15    <!-- FOR WIFI -->
16    <uses-permission android:name="android.permission.CHANGE_WIFI_STATE" />
16-->src\debug\AndroidManifest.xml:8:5-75
16-->src\debug\AndroidManifest.xml:8:22-73
17    <uses-permission android:name="android.permission.ACCESS_WIFI_STATE" />
17-->src\debug\AndroidManifest.xml:9:5-75
17-->src\debug\AndroidManifest.xml:9:22-73
18    <uses-permission android:name="android.permission.ACCESS_NETWORK_STATE" />
18-->src\debug\AndroidManifest.xml:10:5-79
18-->src\debug\AndroidManifest.xml:10:22-76
19
20    <uses-feature android:name="android.hardware.wifi" />
20-->src\debug\AndroidManifest.xml:11:5-58
20-->src\debug\AndroidManifest.xml:11:19-55
21
22    <uses-permission android:name="android.permission.WRITE_EXTERNAL_STORAGE" />
22-->src\debug\AndroidManifest.xml:12:5-81
22-->src\debug\AndroidManifest.xml:12:22-78
23    <uses-permission android:name="android.permission.READ_EXTERNAL_STORAGE" />
23-->src\debug\AndroidManifest.xml:13:5-80
23-->src\debug\AndroidManifest.xml:13:22-77
24    <uses-permission android:name="android.permission.CAMERA" /> <!-- Don't require camera, as this requires a rear camera. This allows it to work on the Nexus 7 -->
24-->[com.journeyapps:zxing-android-embedded:4.0.2] AndroidManifest.xml:22:5-65
24-->[com.journeyapps:zxing-android-embedded:4.0.2] AndroidManifest.xml:22:22-62
25    <uses-feature
25-->[com.journeyapps:zxing-android-embedded:4.0.2] AndroidManifest.xml:25:5-27:36
26        android:name="android.hardware.camera"
26-->[com.journeyapps:zxing-android-embedded:4.0.2] AndroidManifest.xml:26:9-47
27        android:required="false" />
27-->[com.journeyapps:zxing-android-embedded:4.0.2] AndroidManifest.xml:27:9-33
28    <uses-feature
28-->[com.journeyapps:zxing-android-embedded:4.0.2] AndroidManifest.xml:28:5-30:36
29        android:name="android.hardware.camera.front"
29-->[com.journeyapps:zxing-android-embedded:4.0.2] AndroidManifest.xml:29:9-53
30        android:required="false" /> <!-- TODO replace above two with next line after Android 4.2 -->
30-->[com.journeyapps:zxing-android-embedded:4.0.2] AndroidManifest.xml:30:9-33
31    <!-- <uses-feature android:name="android.hardware.camera.any"/> -->
32    <uses-feature
32-->[com.journeyapps:zxing-android-embedded:4.0.2] AndroidManifest.xml:33:5-35:36
33        android:name="android.hardware.camera.autofocus"
33-->[com.journeyapps:zxing-android-embedded:4.0.2] AndroidManifest.xml:34:9-57
34        android:required="false" />
34-->[com.journeyapps:zxing-android-embedded:4.0.2] AndroidManifest.xml:35:9-33
35    <uses-feature
35-->[com.journeyapps:zxing-android-embedded:4.0.2] AndroidManifest.xml:36:5-38:36
36        android:name="android.hardware.camera.flash"
36-->[com.journeyapps:zxing-android-embedded:4.0.2] AndroidManifest.xml:37:9-53
37        android:required="false" />
37-->[com.journeyapps:zxing-android-embedded:4.0.2] AndroidManifest.xml:38:9-33
38    <uses-feature
38-->[com.journeyapps:zxing-android-embedded:4.0.2] AndroidManifest.xml:39:5-41:36
39        android:name="android.hardware.screen.landscape"
39-->[com.journeyapps:zxing-android-embedded:4.0.2] AndroidManifest.xml:40:9-57
40        android:required="false" />
40-->[com.journeyapps:zxing-android-embedded:4.0.2] AndroidManifest.xml:41:9-33
41    <!--
42 io.flutter.app.FlutterApplication is an android.app.Application that
43         calls FlutterMain.startInitialization(this); in its onCreate method.
44         In most cases you can leave this as-is, but you if you want to provide
45         additional functionality it is fine to subclass or reimplement
46         FlutterApplication and put your custom class here.
47    -->
48    <application
48-->src\main\AndroidManifest.xml:8:5-46:19
49        android:name="io.flutter.app.FlutterApplication"
49-->src\main\AndroidManifest.xml:9:9-57
50        android:appComponentFactory="androidx.core.app.CoreComponentFactory"
50-->[androidx.core:core:1.1.0] AndroidManifest.xml:24:18-86
51        android:debuggable="true"
52        android:icon="@mipmap/ic_launcher"
52-->src\main\AndroidManifest.xml:11:9-43
53        android:label="qrcode" >
53-->src\main\AndroidManifest.xml:10:9-31
54        <activity
54-->src\main\AndroidManifest.xml:12:9-40:20
55            android:name="com.example.qrcode.MainActivity"
55-->src\main\AndroidManifest.xml:13:13-41
56            android:configChanges="orientation|keyboardHidden|keyboard|screenSize|smallestScreenSize|locale|layoutDirection|fontScale|screenLayout|density|uiMode"
56-->src\main\AndroidManifest.xml:16:13-163
57            android:hardwareAccelerated="true"
57-->src\main\AndroidManifest.xml:17:13-47
58            android:launchMode="singleTop"
58-->src\main\AndroidManifest.xml:14:13-43
59            android:theme="@style/LaunchTheme"
59-->src\main\AndroidManifest.xml:15:13-47
60            android:windowSoftInputMode="adjustResize" >
60-->src\main\AndroidManifest.xml:18:13-55
61
62            <!--
63                 Specifies an Android theme to apply to this Activity as soon as
64                 the Android process has started. This theme is visible to the user
65                 while the Flutter UI initializes. After that, this theme continues
66                 to determine the Window background behind the Flutter UI.
67            -->
68            <meta-data
68-->src\main\AndroidManifest.xml:23:13-26:17
69                android:name="io.flutter.embedding.android.NormalTheme"
69-->src\main\AndroidManifest.xml:24:15-70
70                android:resource="@style/NormalTheme" />
70-->src\main\AndroidManifest.xml:25:15-52
71            <!--
72                 Displays an Android View that continues showing the launch screen
73                 Drawable until Flutter paints its first frame, then this splash
74                 screen fades out. A splash screen is useful to avoid any visual
75                 gap between the end of Android's launch screen and the painting of
76                 Flutter's first frame.
77            -->
78            <meta-data
78-->src\main\AndroidManifest.xml:32:13-35:17
79                android:name="io.flutter.embedding.android.SplashScreenDrawable"
79-->src\main\AndroidManifest.xml:33:15-79
80                android:resource="@drawable/launch_background" />
80-->src\main\AndroidManifest.xml:34:15-61
81
82            <intent-filter>
82-->src\main\AndroidManifest.xml:36:13-39:29
83                <action android:name="android.intent.action.MAIN" />
83-->src\main\AndroidManifest.xml:37:17-68
83-->src\main\AndroidManifest.xml:37:25-66
84
85                <category android:name="android.intent.category.LAUNCHER" />
85-->src\main\AndroidManifest.xml:38:17-76
85-->src\main\AndroidManifest.xml:38:27-74
86            </intent-filter>
87        </activity>
88        <!--
89             Don't delete the meta-data below.
90             This is used by the Flutter tool to generate GeneratedPluginRegistrant.java
91        -->
92        <meta-data
92-->src\main\AndroidManifest.xml:43:9-45:33
93            android:name="flutterEmbedding"
93-->src\main\AndroidManifest.xml:44:13-44
94            android:value="2" />
94-->src\main\AndroidManifest.xml:45:13-30
95
96        <provider
96-->[:image_picker] AndroidManifest.xml:11:9-19:20
97            android:name="io.flutter.plugins.imagepicker.ImagePickerFileProvider"
97-->[:image_picker] AndroidManifest.xml:12:13-82
98            android:authorities="com.example.qrcode.flutter.image_provider"
98-->[:image_picker] AndroidManifest.xml:13:13-74
99            android:exported="false"
99-->[:image_picker] AndroidManifest.xml:14:13-37
100            android:grantUriPermissions="true" >
100-->[:image_picker] AndroidManifest.xml:15:13-47
101            <meta-data
101-->[:image_picker] AndroidManifest.xml:16:13-18:75
102                android:name="android.support.FILE_PROVIDER_PATHS"
102-->[:image_picker] AndroidManifest.xml:17:17-67
103                android:resource="@xml/flutter_image_picker_file_paths" />
103-->[:image_picker] AndroidManifest.xml:18:17-72
104        </provider>
105
106        <activity
106-->[:url_launcher] AndroidManifest.xml:8:9-11:74
107            android:name="io.flutter.plugins.urllauncher.WebViewActivity"
107-->[:url_launcher] AndroidManifest.xml:9:13-74
108            android:exported="false"
108-->[:url_launcher] AndroidManifest.xml:10:13-37
109            android:theme="@android:style/Theme.NoTitleBar.Fullscreen" />
109-->[:url_launcher] AndroidManifest.xml:11:13-71
110
111        <provider
111-->[:share_extend] AndroidManifest.xml:8:9-13:20
112            android:name="com.zt.shareextend.ShareExtendProvider"
112-->[:share_extend] AndroidManifest.xml:9:13-66
113            android:authorities="com.example.qrcode.shareextend.fileprovider"
113-->[:share_extend] AndroidManifest.xml:10:13-76
114            android:exported="false"
114-->[:share_extend] AndroidManifest.xml:11:13-37
115            android:grantUriPermissions="true" >
115-->[:share_extend] AndroidManifest.xml:12:13-47
116        </provider>
117
118        <activity
118-->[com.journeyapps:zxing-android-embedded:4.0.2] AndroidManifest.xml:47:9-53:63
119            android:name="com.journeyapps.barcodescanner.CaptureActivity"
119-->[com.journeyapps:zxing-android-embedded:4.0.2] AndroidManifest.xml:48:13-74
120            android:clearTaskOnLaunch="true"
120-->[com.journeyapps:zxing-android-embedded:4.0.2] AndroidManifest.xml:49:13-45
121            android:screenOrientation="sensorLandscape"
121-->[com.journeyapps:zxing-android-embedded:4.0.2] AndroidManifest.xml:50:13-56
122            android:stateNotNeeded="true"
122-->[com.journeyapps:zxing-android-embedded:4.0.2] AndroidManifest.xml:51:13-42
123            android:theme="@style/zxing_CaptureTheme"
123-->[com.journeyapps:zxing-android-embedded:4.0.2] AndroidManifest.xml:52:13-54
124            android:windowSoftInputMode="stateAlwaysHidden" />
124-->[com.journeyapps:zxing-android-embedded:4.0.2] AndroidManifest.xml:53:13-60
125    </application>
126
127</manifest>